app/build/intermediates/manifest_merge_blame_file/release/manifest-merger-blame-release-report.txt
1<?xml version="1.0" encoding="utf-8"?>
2<manifest xmlns:android="http://schemas.android.com/apk/res/android"
3    package="com.example.greenlife"
4    android:versionCode="1"
5    android:versionName="1.0" >
6
7    <uses-sdk
8        android:minSdkVersion="28"
8-->src\main\AndroidManifest.xml
9        android:targetSdkVersion="32" />
9-->src\main\AndroidManifest.xml
10
11    <uses-permission android:name="android.permission.INTERNET" />
11-->src\main\AndroidManifest.xml:6:5-67
11-->src\main\AndroidManifest.xml:6:22-64
12    <uses-permission android:name="android.permission.ACCESS_NETWORK_STATE" /> <!-- 拍照 -->
12-->src\main\AndroidManifest.xml:7:5-79
12-->src\main\AndroidManifest.xml:7:22-76
13    <uses-permission android:name="android.permission.CAMERA" /> <!-- 读写 -->
13-->src\main\AndroidManifest.xml:8:5-65
13-->src\main\AndroidManifest.xml:8:22-62
14    <uses-permission android:name="android.permission.WRITE_EXTERNAL_STORAGE" />
14-->src\main\AndroidManifest.xml:9:5-81
14-->src\main\AndroidManifest.xml:9:22-78
15    <uses-permission android:name="android.permission.PERMISSIONS_STORAGE" />
15-->src\main\AndroidManifest.xml:10:5-78
15-->src\main\AndroidManifest.xml:10:22-75
16
17    <application
17-->src\main\AndroidManifest.xml:12:5-51:19
18        android:allowBackup="true"
18-->src\main\AndroidManifest.xml:13:9-35
19        android:appComponentFactory="androidx.core.app.CoreComponentFactory"
19-->[androidx.core:core:1.5.0] AndroidManifest.xml:24:18-86
20        android:extractNativeLibs="false"
21        android:icon="@mipmap/ic_launcher"
21-->src\main\AndroidManifest.xml:14:9-43
22        android:label="@string/app_name"
22-->src\main\AndroidManifest.xml:15:9-41
23        android:requestLegacyExternalStorage="true"
23-->src\main\AndroidManifest.xml:16:9-52
24        android:roundIcon="@mipmap/ic_launcher_round"
24-->src\main\AndroidManifest.xml:17:9-54
25        android:supportsRtl="true"
25-->src\main\AndroidManifest.xml:18:9-35
26        android:theme="@style/Theme.GreenLife" >
26-->src\main\AndroidManifest.xml:19:9-47
27        <activity
27-->src\main\AndroidManifest.xml:21:9-24:72
28            android:name="YAO.GreenLife.core.DetailsActivity"
28-->src\main\AndroidManifest.xml:22:13-62
29            android:exported="false"
29-->src\main\AndroidManifest.xml:23:13-37
30            android:theme="@style/Theme.AppCompat.Light.NoActionBar" /> <!-- 为调用相机拍照设置内容提供者 -->
30-->src\main\AndroidManifest.xml:24:13-69
31        <provider
31-->src\main\AndroidManifest.xml:25:9-34:20
32            android:name="androidx.core.content.FileProvider"
32-->src\main\AndroidManifest.xml:26:13-62
33            android:authorities="com.example.greenlife.fileprovider"
33-->src\main\AndroidManifest.xml:27:13-69
34            android:exported="false"
34-->src\main\AndroidManifest.xml:28:13-37
35            android:grantUriPermissions="true" >
35-->src\main\AndroidManifest.xml:29:13-47
36            <meta-data
36-->src\main\AndroidManifest.xml:31:13-33:54
37                android:name="android.support.FILE_PROVIDER_PATHS"
37-->src\main\AndroidManifest.xml:32:17-67
38                android:resource="@xml/file_paths" />
38-->src\main\AndroidManifest.xml:33:17-51
39        </provider>
40
41        <activity
41-->src\main\AndroidManifest.xml:36:9-40:48
42            android:name="YAO.GreenLife.core.MainActivity"
42-->src\main\AndroidManifest.xml:37:13-59
43            android:exported="false"
43-->src\main\AndroidManifest.xml:38:13-37
44            android:theme="@style/Theme.AppCompat.Light.NoActionBar" />
44-->src\main\AndroidManifest.xml:39:13-69
45        <activity
45-->src\main\AndroidManifest.xml:41:9-50:20
46            android:name="YAO.GreenLife.core.LoginActivity"
46-->src\main\AndroidManifest.xml:42:13-60
47            android:exported="true"
47-->src\main\AndroidManifest.xml:43:13-36
48            android:theme="@style/Theme.AppCompat.Light.NoActionBar" >
48-->src\main\AndroidManifest.xml:44:13-69
49            <intent-filter>
49-->src\main\AndroidManifest.xml:45:13-49:29
50                <action android:name="android.intent.action.MAIN" />
50-->src\main\AndroidManifest.xml:46:17-69
50-->src\main\AndroidManifest.xml:46:25-66
51
52                <category android:name="android.intent.category.LAUNCHER" />
52-->src\main\AndroidManifest.xml:48:17-77
52-->src\main\AndroidManifest.xml:48:27-74
53            </intent-filter>
54        </activity>
55    </application>
56
57</manifest>